<?xml version="1.0" encoding="UTF-8"?>
<testng-results skipped="0" failed="0" ignored="0" total="1" passed="1">
  <reporter-output>
  </reporter-output>
  <suite name="Default suite" duration-ms="21644" started-at="2021-03-11T12:51:46 CST" finished-at="2021-03-11T12:52:07 CST">
    <groups>
    </groups>
    <test name="Default test" duration-ms="21644" started-at="2021-03-11T12:51:46 CST" finished-at="2021-03-11T12:52:07 CST">
      <class name="tests.LoginTest">
        <test-method status="PASS" signature="setUp()[pri:0, instance:tests.LoginTest@a38d7a3]" name="setUp" is-config="true" duration-ms="21050" started-at="2021-03-11T12:51:46 CST" finished-at="2021-03-11T12:52:07 CST">
          <reporter-output>
          </reporter-output>
        </test-method> <!-- setUp -->
        <test-method status="PASS" signature="verifyGoogleSearch()[pri:0, instance:tests.LoginTest@a38d7a3]" name="verifyGoogleSearch" duration-ms="470" started-at="2021-03-11T12:52:07 CST" finished-at="2021-03-11T12:52:07 CST">
          <reporter-output>
          </reporter-output>
        </test-method> <!-- verifyGoogleSearch -->
        <test-method status="PASS" signature="tearDown()[pri:0, instance:tests.LoginTest@a38d7a3]" name="tearDown" is-config="true" duration-ms="2" started-at="2021-03-11T12:52:07 CST" finished-at="2021-03-11T12:52:07 CST">
          <reporter-output>
          </reporter-output>
        </test-method> <!-- tearDown -->
      </class> <!-- tests.LoginTest -->
    </test> <!-- Default test -->
  </suite> <!-- Default suite -->
</testng-results>
